Arguments: 
  /usr/local/Cellar/node/9.8.0/bin/node /usr/local/Cellar/yarn/1.5.1_1/libexec/bin/yarn.js run build

PATH: 
  /Users/josh/.rvm/gems/ruby-2.1.1/bin:/Users/josh/.rvm/gems/ruby-2.1.1@global/bin:/Users/josh/.rvm/rubies/ruby-2.1.1/bin:/usr/bin:/bin:/usr/sbin:/sbin:/usr/local/bin:/Users/josh/.rvm/bin

Yarn version: 
  1.5.1

Node version: 
  9.8.0

Platform: 
  darwin x64

npm manifest: 
  {
    "homepage": "https://jjs88.github.io/movie-tracker/",
    "name": "example-api",
    "version": "1.0.0",
    "description": "MovieTracker",
    "engines": {
      "node": "6.4.0",
      "npm": "3.10.x"
    },
    "scripts": {
      "build": "react-scripts build",
      "dev-server": "webpack-dev-server --hot --inline --content-base --history-api-fallback",
      "start": "concurrently \"npm run server\" \"npm run client\"",
      "test": "jest",
      "test:watch": "jest --watch",
      "server": "nodemon server.js",
      "client": "cd client && npm start",
      "predeploy": "npm run build",
      "deploy": "gh-pages -d build"
    },
    "keywords": [],
    "author": "Taylor Moore",
    "license": "ISC",
    "dependencies": {
      "babel-polyfill": "^6.26.0",
      "bluebird": "^3.3.4",
      "body-parser": "^1.16.0",
      "css-loader": "^0.28.7",
      "express": "^4.14.0",
      "express-cors": "0.0.3",
      "history": "^4.6.3",
      "pg-promise": "^3.2.3",
      "raf": "^3.4.0",
      "react": "^16.0.0",
      "react-dom": "^16.0.0",
      "react-redux": "^5.0.2",
      "react-router": "^4.1.1",
      "react-router-redux": "^5.0.0-alpha.6",
      "redux": "^3.6.0",
      "sass-loader": "^6.0.6",
      "style-loader": "^0.19.0"
    },
    "devDependencies": {
      "babel-cli": "^6.18.0",
      "babel-core": "^6.21.0",
      "babel-loader": "^6.2.10",
      "babel-plugin-transform-class-properties": "^6.24.1",
      "babel-preset-es2015": "^6.18.0",
      "babel-preset-latest": "^6.24.1",
      "babel-preset-react": "^6.16.0",
      "concurrently": "^3.5.1",
      "enzyme": "^3.1.0",
      "enzyme-adapter-react-16": "^1.0.1",
      "gh-pages": "^1.1.0",
      "gh-pages-deploy": "^0.4.2",
      "jest": "^21.2.1",
      "node-sass": "^4.5.3",
      "react-hot-loader": "^1.3.1",
      "react-test-renderer": "^16.0.0",
      "redux-mock-store": "^1.3.0",
      "sass-loader": "^6.0.6",
      "webpack": "^1.14.0",
      "webpack-dev-middleware": "^1.9.0",
      "webpack-hot-middleware": "^2.15.0"
    },
    "jest": {
      "setupFiles": [
        "raf/polyfill",
        "./testConfig/setupTests.js"
      ],
      "moduleNameMapper": {
        "\\.(css|scss)$": "<rootDir>/testConfig/styleMock.js"
      }
    }
  }

yarn manifest: 
  No manifest

Lockfile: 
  No lockfile

Trace: 
  Error: Command failed.
  Exit code: 127
  Command: sh
  Arguments: -c react-scripts build
  Directory: /Users/josh/workspace/turing/movie-tracker
  Output:
  
      at ProcessTermError.MessageError (/usr/local/Cellar/yarn/1.5.1_1/libexec/lib/cli.js:186:110)
      at new ProcessTermError (/usr/local/Cellar/yarn/1.5.1_1/libexec/lib/cli.js:226:113)
      at ChildProcess.<anonymous> (/usr/local/Cellar/yarn/1.5.1_1/libexec/lib/cli.js:30281:17)
      at ChildProcess.emit (events.js:180:13)
      at maybeClose (internal/child_process.js:936:16)
      at Process.ChildProcess._handle.onexit (internal/child_process.js:220:5)
